Watching for changes in /app/archetypes, /app/assets/{css,icons}, /app/content/{blog,products,use_cases}, /app/layouts/{_default,partials,shortcodes,taxonomy}, /app/package.json, /app/postcss.config.js, /app/static/{css,images}, /app/tailwind.config.js, /app/themes/hugo-saasify-theme/assets/css, /app/themes/hugo-saasify-theme/layouts/{_default,partials,shortcodes,taxonomy}, ... and 4 more
Watching for config changes in /app/hugo.toml, /app/themes/hugo-saasify-theme/config.toml
Start building sites …
hugo v0.156.0-9d914726dee87b0e8e3d7890d660221bde372eec+extended linux/amd64 BuildDate=2026-02-18T16:39:55Z VendorInfo=gohugoio


                  │ EN
──────────────────┼─────
 Pages            │ 275
 Paginator pages  │   1
 Non-page files   │   0
 Static files     │  91
 Processed images │   0
 Aliases          │ 119
 Cleaned          │   0

Built in 2664 ms
Environment: "development"
Serving pages from disk
Running in Fast Render Mode. For full rebuilds on change: hugo server --disableFastRender
Web Server is available at http://localhost:1313/ (bind address 127.0.0.1)
Press Ctrl+C to stop

Change detected, rebuilding site (#1).
2026-02-19 15:47:10.310 +0000
Template changed /_default/baseof.html
Web Server is available at http://localhost:1313/ (bind address 127.0.0.1)
Total in 25 ms

Change detected, rebuilding site (#2).
2026-02-19 15:47:26.311 +0000
Template changed /_default/baseof.html
Web Server is available at http://localhost:1313/ (bind address 127.0.0.1)
Total in 46 ms

Change of Static files detected, rebuilding site (#3).
2026-02-19 15:48:13.310 +0000
Syncing /css/style.css to /
