WARN  Module "project" is not compatible with this Hugo version: Min 0.80.0 extended; run "hugo mod graph" for more information.
WARN  Module "hugo-saasify-theme" is not compatible with this Hugo version: Min 0.80.0 extended; run "hugo mod graph" for more information.
Watching for changes in /app/{archetypes,assets,babel.config.js,content,layouts,package.json,postcss.config.js,static,tailwind.config.js,themes}
Watching for config changes in /app/hugo.toml, /app/themes/hugo-saasify-theme/config.toml
Start building sites …
hugo v0.152.2-6abdacad3f3fe944ea42177844469139e81feda6 linux/amd64 BuildDate=2025-10-24T15:31:49Z VendorInfo=gohugoio


                  │ EN
──────────────────┼─────
 Pages            │ 299
 Paginator pages  │   1
 Non-page files   │   0
 Static files     │  95
 Processed images │   0
 Aliases          │ 125
 Cleaned          │   0

Built in 2565 ms
Environment: "production"
Serving pages from disk
Running in Fast Render Mode. For full rebuilds on change: hugo server --disableFastRender
Web Server is available at http://localhost:8080/ (bind address 127.0.0.1)
Press Ctrl+C to stop

Change of Static files detected, rebuilding site (#1).
2026-05-15 17:00:39.040 +0000
Syncing /css/style.css to /
